2025-11-11 10:54:43,588 | INFO | winclip | Experiment dir: /home/cvml/data/nwj/miniCLIP/Google-AI-Captston/wj/results/mvtec/afclip/mvtec_afclip/20251111-105443
2025-11-11 10:54:43,588 | INFO | winclip | === Category: bottle ===
2025-11-11 10:54:47,154 | ERROR | winclip | Category bottle 실행 중 오류: 지원하지 않는 프롬프트 체크포인트 형식입니다: <class 'torch.nn.parameter.Parameter'>
Traceback (most recent call last):
  File "/home/cvml/data/nwj/miniCLIP/Google-AI-Captston/wj/src/main.py", line 239, in run
    metrics = run_category(cfg, category=category, output_root=experiment_dir, logger=logger)
  File "/home/cvml/data/nwj/miniCLIP/Google-AI-Captston/wj/src/main.py", line 110, in run_category
    model = build_method(model_cfg, device=cfg["model"].get("device"))
  File "/home/cvml/data/nwj/miniCLIP/Google-AI-Captston/wj/src/methods/base.py", line 73, in build_method
    model.setup()
  File "/home/cvml/data/nwj/miniCLIP/Google-AI-Captston/wj/src/methods/afclip.py", line 131, in setup
    self._load_pretrained_weights(clip_model)
  File "/home/cvml/data/nwj/miniCLIP/Google-AI-Captston/wj/src/methods/afclip.py", line 178, in _load_pretrained_weights
    raise TypeError(
TypeError: 지원하지 않는 프롬프트 체크포인트 형식입니다: <class 'torch.nn.parameter.Parameter'>
2025-11-11 10:54:47,155 | INFO | winclip | === Category: cable ===
2025-11-11 10:54:50,379 | ERROR | winclip | Category cable 실행 중 오류: 지원하지 않는 프롬프트 체크포인트 형식입니다: <class 'torch.nn.parameter.Parameter'>
Traceback (most recent call last):
  File "/home/cvml/data/nwj/miniCLIP/Google-AI-Captston/wj/src/main.py", line 239, in run
    metrics = run_category(cfg, category=category, output_root=experiment_dir, logger=logger)
  File "/home/cvml/data/nwj/miniCLIP/Google-AI-Captston/wj/src/main.py", line 110, in run_category
    model = build_method(model_cfg, device=cfg["model"].get("device"))
  File "/home/cvml/data/nwj/miniCLIP/Google-AI-Captston/wj/src/methods/base.py", line 73, in build_method
    model.setup()
  File "/home/cvml/data/nwj/miniCLIP/Google-AI-Captston/wj/src/methods/afclip.py", line 131, in setup
    self._load_pretrained_weights(clip_model)
  File "/home/cvml/data/nwj/miniCLIP/Google-AI-Captston/wj/src/methods/afclip.py", line 178, in _load_pretrained_weights
    raise TypeError(
TypeError: 지원하지 않는 프롬프트 체크포인트 형식입니다: <class 'torch.nn.parameter.Parameter'>
2025-11-11 10:54:50,407 | INFO | winclip | === Category: capsule ===
2025-11-11 10:54:53,608 | ERROR | winclip | Category capsule 실행 중 오류: 지원하지 않는 프롬프트 체크포인트 형식입니다: <class 'torch.nn.parameter.Parameter'>
Traceback (most recent call last):
  File "/home/cvml/data/nwj/miniCLIP/Google-AI-Captston/wj/src/main.py", line 239, in run
    metrics = run_category(cfg, category=category, output_root=experiment_dir, logger=logger)
  File "/home/cvml/data/nwj/miniCLIP/Google-AI-Captston/wj/src/main.py", line 110, in run_category
    model = build_method(model_cfg, device=cfg["model"].get("device"))
  File "/home/cvml/data/nwj/miniCLIP/Google-AI-Captston/wj/src/methods/base.py", line 73, in build_method
    model.setup()
  File "/home/cvml/data/nwj/miniCLIP/Google-AI-Captston/wj/src/methods/afclip.py", line 131, in setup
    self._load_pretrained_weights(clip_model)
  File "/home/cvml/data/nwj/miniCLIP/Google-AI-Captston/wj/src/methods/afclip.py", line 178, in _load_pretrained_weights
    raise TypeError(
TypeError: 지원하지 않는 프롬프트 체크포인트 형식입니다: <class 'torch.nn.parameter.Parameter'>
2025-11-11 10:54:53,635 | INFO | winclip | === Category: carpet ===
2025-11-11 10:54:56,916 | ERROR | winclip | Category carpet 실행 중 오류: 지원하지 않는 프롬프트 체크포인트 형식입니다: <class 'torch.nn.parameter.Parameter'>
Traceback (most recent call last):
  File "/home/cvml/data/nwj/miniCLIP/Google-AI-Captston/wj/src/main.py", line 239, in run
    metrics = run_category(cfg, category=category, output_root=experiment_dir, logger=logger)
  File "/home/cvml/data/nwj/miniCLIP/Google-AI-Captston/wj/src/main.py", line 110, in run_category
    model = build_method(model_cfg, device=cfg["model"].get("device"))
  File "/home/cvml/data/nwj/miniCLIP/Google-AI-Captston/wj/src/methods/base.py", line 73, in build_method
    model.setup()
  File "/home/cvml/data/nwj/miniCLIP/Google-AI-Captston/wj/src/methods/afclip.py", line 131, in setup
    self._load_pretrained_weights(clip_model)
  File "/home/cvml/data/nwj/miniCLIP/Google-AI-Captston/wj/src/methods/afclip.py", line 178, in _load_pretrained_weights
    raise TypeError(
TypeError: 지원하지 않는 프롬프트 체크포인트 형식입니다: <class 'torch.nn.parameter.Parameter'>
2025-11-11 10:54:56,944 | INFO | winclip | === Category: grid ===
2025-11-11 10:55:00,143 | ERROR | winclip | Category grid 실행 중 오류: 지원하지 않는 프롬프트 체크포인트 형식입니다: <class 'torch.nn.parameter.Parameter'>
Traceback (most recent call last):
  File "/home/cvml/data/nwj/miniCLIP/Google-AI-Captston/wj/src/main.py", line 239, in run
    metrics = run_category(cfg, category=category, output_root=experiment_dir, logger=logger)
  File "/home/cvml/data/nwj/miniCLIP/Google-AI-Captston/wj/src/main.py", line 110, in run_category
    model = build_method(model_cfg, device=cfg["model"].get("device"))
  File "/home/cvml/data/nwj/miniCLIP/Google-AI-Captston/wj/src/methods/base.py", line 73, in build_method
    model.setup()
  File "/home/cvml/data/nwj/miniCLIP/Google-AI-Captston/wj/src/methods/afclip.py", line 131, in setup
    self._load_pretrained_weights(clip_model)
  File "/home/cvml/data/nwj/miniCLIP/Google-AI-Captston/wj/src/methods/afclip.py", line 178, in _load_pretrained_weights
    raise TypeError(
TypeError: 지원하지 않는 프롬프트 체크포인트 형식입니다: <class 'torch.nn.parameter.Parameter'>
2025-11-11 10:55:00,171 | INFO | winclip | === Category: hazelnut ===
2025-11-11 10:55:03,394 | ERROR | winclip | Category hazelnut 실행 중 오류: 지원하지 않는 프롬프트 체크포인트 형식입니다: <class 'torch.nn.parameter.Parameter'>
Traceback (most recent call last):
  File "/home/cvml/data/nwj/miniCLIP/Google-AI-Captston/wj/src/main.py", line 239, in run
    metrics = run_category(cfg, category=category, output_root=experiment_dir, logger=logger)
  File "/home/cvml/data/nwj/miniCLIP/Google-AI-Captston/wj/src/main.py", line 110, in run_category
    model = build_method(model_cfg, device=cfg["model"].get("device"))
  File "/home/cvml/data/nwj/miniCLIP/Google-AI-Captston/wj/src/methods/base.py", line 73, in build_method
    model.setup()
  File "/home/cvml/data/nwj/miniCLIP/Google-AI-Captston/wj/src/methods/afclip.py", line 131, in setup
    self._load_pretrained_weights(clip_model)
  File "/home/cvml/data/nwj/miniCLIP/Google-AI-Captston/wj/src/methods/afclip.py", line 178, in _load_pretrained_weights
    raise TypeError(
TypeError: 지원하지 않는 프롬프트 체크포인트 형식입니다: <class 'torch.nn.parameter.Parameter'>
2025-11-11 10:55:03,421 | INFO | winclip | === Category: leather ===
2025-11-11 10:55:06,637 | ERROR | winclip | Category leather 실행 중 오류: 지원하지 않는 프롬프트 체크포인트 형식입니다: <class 'torch.nn.parameter.Parameter'>
Traceback (most recent call last):
  File "/home/cvml/data/nwj/miniCLIP/Google-AI-Captston/wj/src/main.py", line 239, in run
    metrics = run_category(cfg, category=category, output_root=experiment_dir, logger=logger)
  File "/home/cvml/data/nwj/miniCLIP/Google-AI-Captston/wj/src/main.py", line 110, in run_category
    model = build_method(model_cfg, device=cfg["model"].get("device"))
  File "/home/cvml/data/nwj/miniCLIP/Google-AI-Captston/wj/src/methods/base.py", line 73, in build_method
    model.setup()
  File "/home/cvml/data/nwj/miniCLIP/Google-AI-Captston/wj/src/methods/afclip.py", line 131, in setup
    self._load_pretrained_weights(clip_model)
  File "/home/cvml/data/nwj/miniCLIP/Google-AI-Captston/wj/src/methods/afclip.py", line 178, in _load_pretrained_weights
    raise TypeError(
TypeError: 지원하지 않는 프롬프트 체크포인트 형식입니다: <class 'torch.nn.parameter.Parameter'>
2025-11-11 10:55:06,664 | INFO | winclip | === Category: metal_nut ===
2025-11-11 10:55:09,882 | ERROR | winclip | Category metal_nut 실행 중 오류: 지원하지 않는 프롬프트 체크포인트 형식입니다: <class 'torch.nn.parameter.Parameter'>
Traceback (most recent call last):
  File "/home/cvml/data/nwj/miniCLIP/Google-AI-Captston/wj/src/main.py", line 239, in run
    metrics = run_category(cfg, category=category, output_root=experiment_dir, logger=logger)
  File "/home/cvml/data/nwj/miniCLIP/Google-AI-Captston/wj/src/main.py", line 110, in run_category
    model = build_method(model_cfg, device=cfg["model"].get("device"))
  File "/home/cvml/data/nwj/miniCLIP/Google-AI-Captston/wj/src/methods/base.py", line 73, in build_method
    model.setup()
  File "/home/cvml/data/nwj/miniCLIP/Google-AI-Captston/wj/src/methods/afclip.py", line 131, in setup
    self._load_pretrained_weights(clip_model)
  File "/home/cvml/data/nwj/miniCLIP/Google-AI-Captston/wj/src/methods/afclip.py", line 178, in _load_pretrained_weights
    # 일부 체크포인트는 {"state_prompt_embedding": tensor} 형태
TypeError: 지원하지 않는 프롬프트 체크포인트 형식입니다: <class 'torch.nn.parameter.Parameter'>
2025-11-11 10:55:09,910 | INFO | winclip | === Category: pill ===
2025-11-11 10:55:13,120 | ERROR | winclip | Category pill 실행 중 오류: 지원하지 않는 프롬프트 체크포인트 형식입니다: <class 'torch.nn.parameter.Parameter'>
Traceback (most recent call last):
  File "/home/cvml/data/nwj/miniCLIP/Google-AI-Captston/wj/src/main.py", line 239, in run
    metrics = run_category(cfg, category=category, output_root=experiment_dir, logger=logger)
  File "/home/cvml/data/nwj/miniCLIP/Google-AI-Captston/wj/src/main.py", line 110, in run_category
    model = build_method(model_cfg, device=cfg["model"].get("device"))
  File "/home/cvml/data/nwj/miniCLIP/Google-AI-Captston/wj/src/methods/base.py", line 73, in build_method
    model.setup()
  File "/home/cvml/data/nwj/miniCLIP/Google-AI-Captston/wj/src/methods/afclip.py", line 131, in setup
    self._load_pretrained_weights(clip_model)
  File "/home/cvml/data/nwj/miniCLIP/Google-AI-Captston/wj/src/methods/afclip.py", line 178, in _load_pretrained_weights
    # 일부 체크포인트는 {"state_prompt_embedding": tensor} 형태
TypeError: 지원하지 않는 프롬프트 체크포인트 형식입니다: <class 'torch.nn.parameter.Parameter'>
2025-11-11 10:55:13,148 | INFO | winclip | === Category: screw ===
2025-11-11 10:55:16,360 | ERROR | winclip | Category screw 실행 중 오류: 지원하지 않는 프롬프트 체크포인트 형식입니다: <class 'torch.nn.parameter.Parameter'>
Traceback (most recent call last):
  File "/home/cvml/data/nwj/miniCLIP/Google-AI-Captston/wj/src/main.py", line 239, in run
    metrics = run_category(cfg, category=category, output_root=experiment_dir, logger=logger)
  File "/home/cvml/data/nwj/miniCLIP/Google-AI-Captston/wj/src/main.py", line 110, in run_category
    model = build_method(model_cfg, device=cfg["model"].get("device"))
  File "/home/cvml/data/nwj/miniCLIP/Google-AI-Captston/wj/src/methods/base.py", line 73, in build_method
    model.setup()
  File "/home/cvml/data/nwj/miniCLIP/Google-AI-Captston/wj/src/methods/afclip.py", line 131, in setup
    self._load_pretrained_weights(clip_model)
  File "/home/cvml/data/nwj/miniCLIP/Google-AI-Captston/wj/src/methods/afclip.py", line 178, in _load_pretrained_weights
    # 일부 체크포인트는 {"state_prompt_embedding": tensor} 형태
TypeError: 지원하지 않는 프롬프트 체크포인트 형식입니다: <class 'torch.nn.parameter.Parameter'>
2025-11-11 10:55:16,388 | INFO | winclip | === Category: tile ===
2025-11-11 10:55:19,613 | ERROR | winclip | Category tile 실행 중 오류: 지원하지 않는 프롬프트 체크포인트 형식입니다: <class 'torch.nn.parameter.Parameter'>
Traceback (most recent call last):
  File "/home/cvml/data/nwj/miniCLIP/Google-AI-Captston/wj/src/main.py", line 239, in run
    metrics = run_category(cfg, category=category, output_root=experiment_dir, logger=logger)
  File "/home/cvml/data/nwj/miniCLIP/Google-AI-Captston/wj/src/main.py", line 110, in run_category
    model = build_method(model_cfg, device=cfg["model"].get("device"))
  File "/home/cvml/data/nwj/miniCLIP/Google-AI-Captston/wj/src/methods/base.py", line 73, in build_method
    model.setup()
  File "/home/cvml/data/nwj/miniCLIP/Google-AI-Captston/wj/src/methods/afclip.py", line 131, in setup
    self._load_pretrained_weights(clip_model)
  File "/home/cvml/data/nwj/miniCLIP/Google-AI-Captston/wj/src/methods/afclip.py", line 178, in _load_pretrained_weights
    # 일부 체크포인트는 {"state_prompt_embedding": tensor} 형태
TypeError: 지원하지 않는 프롬프트 체크포인트 형식입니다: <class 'torch.nn.parameter.Parameter'>
2025-11-11 10:55:19,641 | INFO | winclip | === Category: toothbrush ===
2025-11-11 10:55:22,853 | ERROR | winclip | Category toothbrush 실행 중 오류: 지원하지 않는 프롬프트 체크포인트 형식입니다: <class 'torch.nn.parameter.Parameter'>
Traceback (most recent call last):
  File "/home/cvml/data/nwj/miniCLIP/Google-AI-Captston/wj/src/main.py", line 239, in run
    metrics = run_category(cfg, category=category, output_root=experiment_dir, logger=logger)
  File "/home/cvml/data/nwj/miniCLIP/Google-AI-Captston/wj/src/main.py", line 110, in run_category
    model = build_method(model_cfg, device=cfg["model"].get("device"))
  File "/home/cvml/data/nwj/miniCLIP/Google-AI-Captston/wj/src/methods/base.py", line 73, in build_method
    model.setup()
  File "/home/cvml/data/nwj/miniCLIP/Google-AI-Captston/wj/src/methods/afclip.py", line 131, in setup
    self._load_pretrained_weights(clip_model)
  File "/home/cvml/data/nwj/miniCLIP/Google-AI-Captston/wj/src/methods/afclip.py", line 178, in _load_pretrained_weights
    # 일부 체크포인트는 {"state_prompt_embedding": tensor} 형태
TypeError: 지원하지 않는 프롬프트 체크포인트 형식입니다: <class 'torch.nn.parameter.Parameter'>
2025-11-11 10:55:22,881 | INFO | winclip | === Category: transistor ===
2025-11-11 10:55:26,107 | ERROR | winclip | Category transistor 실행 중 오류: 지원하지 않는 프롬프트 체크포인트 형식입니다: <class 'torch.nn.parameter.Parameter'>
Traceback (most recent call last):
  File "/home/cvml/data/nwj/miniCLIP/Google-AI-Captston/wj/src/main.py", line 239, in run
    metrics = run_category(cfg, category=category, output_root=experiment_dir, logger=logger)
  File "/home/cvml/data/nwj/miniCLIP/Google-AI-Captston/wj/src/main.py", line 110, in run_category
    model = build_method(model_cfg, device=cfg["model"].get("device"))
  File "/home/cvml/data/nwj/miniCLIP/Google-AI-Captston/wj/src/methods/base.py", line 73, in build_method
    model.setup()
  File "/home/cvml/data/nwj/miniCLIP/Google-AI-Captston/wj/src/methods/afclip.py", line 131, in setup
    self._load_pretrained_weights(clip_model)
  File "/home/cvml/data/nwj/miniCLIP/Google-AI-Captston/wj/src/methods/afclip.py", line 178, in _load_pretrained_weights
    # 일부 체크포인트는 {"state_prompt_embedding": tensor} 형태
TypeError: 지원하지 않는 프롬프트 체크포인트 형식입니다: <class 'torch.nn.parameter.Parameter'>
2025-11-11 10:55:26,135 | INFO | winclip | === Category: wood ===
2025-11-11 10:55:29,347 | ERROR | winclip | Category wood 실행 중 오류: 지원하지 않는 프롬프트 체크포인트 형식입니다: <class 'torch.nn.parameter.Parameter'>
Traceback (most recent call last):
  File "/home/cvml/data/nwj/miniCLIP/Google-AI-Captston/wj/src/main.py", line 239, in run
    metrics = run_category(cfg, category=category, output_root=experiment_dir, logger=logger)
  File "/home/cvml/data/nwj/miniCLIP/Google-AI-Captston/wj/src/main.py", line 110, in run_category
    model = build_method(model_cfg, device=cfg["model"].get("device"))
  File "/home/cvml/data/nwj/miniCLIP/Google-AI-Captston/wj/src/methods/base.py", line 73, in build_method
    model.setup()
  File "/home/cvml/data/nwj/miniCLIP/Google-AI-Captston/wj/src/methods/afclip.py", line 131, in setup
    self._load_pretrained_weights(clip_model)
  File "/home/cvml/data/nwj/miniCLIP/Google-AI-Captston/wj/src/methods/afclip.py", line 178, in _load_pretrained_weights
    # 일부 체크포인트는 {"state_prompt_embedding": tensor} 형태
TypeError: 지원하지 않는 프롬프트 체크포인트 형식입니다: <class 'torch.nn.parameter.Parameter'>
2025-11-11 10:55:29,375 | INFO | winclip | === Category: zipper ===
2025-11-11 10:55:32,585 | ERROR | winclip | Category zipper 실행 중 오류: 지원하지 않는 프롬프트 체크포인트 형식입니다: <class 'torch.nn.parameter.Parameter'>
Traceback (most recent call last):
  File "/home/cvml/data/nwj/miniCLIP/Google-AI-Captston/wj/src/main.py", line 239, in run
    metrics = run_category(cfg, category=category, output_root=experiment_dir, logger=logger)
  File "/home/cvml/data/nwj/miniCLIP/Google-AI-Captston/wj/src/main.py", line 110, in run_category
    model = build_method(model_cfg, device=cfg["model"].get("device"))
  File "/home/cvml/data/nwj/miniCLIP/Google-AI-Captston/wj/src/methods/base.py", line 73, in build_method
    model.setup()
  File "/home/cvml/data/nwj/miniCLIP/Google-AI-Captston/wj/src/methods/afclip.py", line 131, in setup
    self._load_pretrained_weights(clip_model)
  File "/home/cvml/data/nwj/miniCLIP/Google-AI-Captston/wj/src/methods/afclip.py", line 178, in _load_pretrained_weights
    # 일부 체크포인트는 {"state_prompt_embedding": tensor} 형태
TypeError: 지원하지 않는 프롬프트 체크포인트 형식입니다: <class 'torch.nn.parameter.Parameter'>
2025-11-11 10:55:32,613 | INFO | winclip | 완료. 결과는 /home/cvml/data/nwj/miniCLIP/Google-AI-Captston/wj/results/mvtec/afclip/mvtec_afclip/20251111-105443 에 저장되었습니다.
