2025-11-11 10:53:50,236 | INFO | winclip | Experiment dir: /home/cvml/data/nwj/miniCLIP/Google-AI-Captston/wj/results/mvtec/afclip/mvtec_afclip/20251111-105350
2025-11-11 10:53:50,236 | INFO | winclip | === Category: bottle ===
2025-11-11 10:53:53,715 | ERROR | winclip | Category bottle 실행 중 오류: Expected state_dict to be dict-like, got <class 'clip.adaptor.Adaptor'>.
Traceback (most recent call last):
  File "/home/cvml/data/nwj/miniCLIP/Google-AI-Captston/wj/src/main.py", line 239, in run
    metrics = run_category(cfg, category=category, output_root=experiment_dir, logger=logger)
  File "/home/cvml/data/nwj/miniCLIP/Google-AI-Captston/wj/src/main.py", line 110, in run_category
    model = build_method(model_cfg, device=cfg["model"].get("device"))
  File "/home/cvml/data/nwj/miniCLIP/Google-AI-Captston/wj/src/methods/base.py", line 73, in build_method
    model.setup()
  File "/home/cvml/data/nwj/miniCLIP/Google-AI-Captston/wj/src/methods/afclip.py", line 131, in setup
    self._load_pretrained_weights(clip_model)
  File "/home/cvml/data/nwj/miniCLIP/Google-AI-Captston/wj/src/methods/afclip.py", line 176, in _load_pretrained_weights
    model.adaptor.load_state_dict(adaptor_state)
  File "/home/cvml/anaconda3/envs/miniclip/lib/python3.10/site-packages/torch/nn/modules/module.py", line 2525, in load_state_dict
    raise TypeError(
TypeError: Expected state_dict to be dict-like, got <class 'clip.adaptor.Adaptor'>.
2025-11-11 10:53:53,715 | INFO | winclip | === Category: cable ===
2025-11-11 10:53:56,935 | ERROR | winclip | Category cable 실행 중 오류: Expected state_dict to be dict-like, got <class 'clip.adaptor.Adaptor'>.
Traceback (most recent call last):
  File "/home/cvml/data/nwj/miniCLIP/Google-AI-Captston/wj/src/main.py", line 239, in run
    metrics = run_category(cfg, category=category, output_root=experiment_dir, logger=logger)
  File "/home/cvml/data/nwj/miniCLIP/Google-AI-Captston/wj/src/main.py", line 110, in run_category
    model = build_method(model_cfg, device=cfg["model"].get("device"))
  File "/home/cvml/data/nwj/miniCLIP/Google-AI-Captston/wj/src/methods/base.py", line 73, in build_method
    model.setup()
  File "/home/cvml/data/nwj/miniCLIP/Google-AI-Captston/wj/src/methods/afclip.py", line 131, in setup
    self._load_pretrained_weights(clip_model)
  File "/home/cvml/data/nwj/miniCLIP/Google-AI-Captston/wj/src/methods/afclip.py", line 176, in _load_pretrained_weights
    model.adaptor.load_state_dict(adaptor_state)
  File "/home/cvml/anaconda3/envs/miniclip/lib/python3.10/site-packages/torch/nn/modules/module.py", line 2525, in load_state_dict
    raise TypeError(
TypeError: Expected state_dict to be dict-like, got <class 'clip.adaptor.Adaptor'>.
2025-11-11 10:53:56,936 | INFO | winclip | === Category: capsule ===
2025-11-11 10:54:00,050 | ERROR | winclip | Category capsule 실행 중 오류: Expected state_dict to be dict-like, got <class 'clip.adaptor.Adaptor'>.
Traceback (most recent call last):
  File "/home/cvml/data/nwj/miniCLIP/Google-AI-Captston/wj/src/main.py", line 239, in run
    metrics = run_category(cfg, category=category, output_root=experiment_dir, logger=logger)
  File "/home/cvml/data/nwj/miniCLIP/Google-AI-Captston/wj/src/main.py", line 110, in run_category
    model = build_method(model_cfg, device=cfg["model"].get("device"))
  File "/home/cvml/data/nwj/miniCLIP/Google-AI-Captston/wj/src/methods/base.py", line 73, in build_method
    model.setup()
  File "/home/cvml/data/nwj/miniCLIP/Google-AI-Captston/wj/src/methods/afclip.py", line 131, in setup
    self._load_pretrained_weights(clip_model)
  File "/home/cvml/data/nwj/miniCLIP/Google-AI-Captston/wj/src/methods/afclip.py", line 176, in _load_pretrained_weights
    model.adaptor.load_state_dict(adaptor_state)
  File "/home/cvml/anaconda3/envs/miniclip/lib/python3.10/site-packages/torch/nn/modules/module.py", line 2525, in load_state_dict
    raise TypeError(
TypeError: Expected state_dict to be dict-like, got <class 'clip.adaptor.Adaptor'>.
2025-11-11 10:54:00,071 | INFO | winclip | === Category: carpet ===
2025-11-11 10:54:03,264 | ERROR | winclip | Category carpet 실행 중 오류: Expected state_dict to be dict-like, got <class 'clip.adaptor.Adaptor'>.
Traceback (most recent call last):
  File "/home/cvml/data/nwj/miniCLIP/Google-AI-Captston/wj/src/main.py", line 239, in run
    metrics = run_category(cfg, category=category, output_root=experiment_dir, logger=logger)
  File "/home/cvml/data/nwj/miniCLIP/Google-AI-Captston/wj/src/main.py", line 110, in run_category
    model = build_method(model_cfg, device=cfg["model"].get("device"))
  File "/home/cvml/data/nwj/miniCLIP/Google-AI-Captston/wj/src/methods/base.py", line 73, in build_method
    model.setup()
  File "/home/cvml/data/nwj/miniCLIP/Google-AI-Captston/wj/src/methods/afclip.py", line 131, in setup
    self._load_pretrained_weights(clip_model)
  File "/home/cvml/data/nwj/miniCLIP/Google-AI-Captston/wj/src/methods/afclip.py", line 176, in _load_pretrained_weights
    model.adaptor.load_state_dict(adaptor_state)
  File "/home/cvml/anaconda3/envs/miniclip/lib/python3.10/site-packages/torch/nn/modules/module.py", line 2525, in load_state_dict
    raise TypeError(
TypeError: Expected state_dict to be dict-like, got <class 'clip.adaptor.Adaptor'>.
2025-11-11 10:54:03,285 | INFO | winclip | === Category: grid ===
2025-11-11 10:54:06,437 | ERROR | winclip | Category grid 실행 중 오류: Expected state_dict to be dict-like, got <class 'clip.adaptor.Adaptor'>.
Traceback (most recent call last):
  File "/home/cvml/data/nwj/miniCLIP/Google-AI-Captston/wj/src/main.py", line 239, in run
    metrics = run_category(cfg, category=category, output_root=experiment_dir, logger=logger)
  File "/home/cvml/data/nwj/miniCLIP/Google-AI-Captston/wj/src/main.py", line 110, in run_category
    model = build_method(model_cfg, device=cfg["model"].get("device"))
  File "/home/cvml/data/nwj/miniCLIP/Google-AI-Captston/wj/src/methods/base.py", line 73, in build_method
    model.setup()
  File "/home/cvml/data/nwj/miniCLIP/Google-AI-Captston/wj/src/methods/afclip.py", line 131, in setup
    self._load_pretrained_weights(clip_model)
  File "/home/cvml/data/nwj/miniCLIP/Google-AI-Captston/wj/src/methods/afclip.py", line 176, in _load_pretrained_weights
    model.adaptor.load_state_dict(adaptor_state)
  File "/home/cvml/anaconda3/envs/miniclip/lib/python3.10/site-packages/torch/nn/modules/module.py", line 2525, in load_state_dict
    raise TypeError(
TypeError: Expected state_dict to be dict-like, got <class 'clip.adaptor.Adaptor'>.
2025-11-11 10:54:06,459 | INFO | winclip | === Category: hazelnut ===
2025-11-11 10:54:09,580 | ERROR | winclip | Category hazelnut 실행 중 오류: Expected state_dict to be dict-like, got <class 'clip.adaptor.Adaptor'>.
Traceback (most recent call last):
  File "/home/cvml/data/nwj/miniCLIP/Google-AI-Captston/wj/src/main.py", line 239, in run
    metrics = run_category(cfg, category=category, output_root=experiment_dir, logger=logger)
  File "/home/cvml/data/nwj/miniCLIP/Google-AI-Captston/wj/src/main.py", line 110, in run_category
    model = build_method(model_cfg, device=cfg["model"].get("device"))
  File "/home/cvml/data/nwj/miniCLIP/Google-AI-Captston/wj/src/methods/base.py", line 73, in build_method
    model.setup()
  File "/home/cvml/data/nwj/miniCLIP/Google-AI-Captston/wj/src/methods/afclip.py", line 131, in setup
    self._load_pretrained_weights(clip_model)
  File "/home/cvml/data/nwj/miniCLIP/Google-AI-Captston/wj/src/methods/afclip.py", line 176, in _load_pretrained_weights
    model.adaptor.load_state_dict(adaptor_state)
  File "/home/cvml/anaconda3/envs/miniclip/lib/python3.10/site-packages/torch/nn/modules/module.py", line 2525, in load_state_dict
    raise TypeError(
TypeError: Expected state_dict to be dict-like, got <class 'clip.adaptor.Adaptor'>.
2025-11-11 10:54:09,601 | INFO | winclip | === Category: leather ===
2025-11-11 10:54:12,729 | ERROR | winclip | Category leather 실행 중 오류: Expected state_dict to be dict-like, got <class 'clip.adaptor.Adaptor'>.
Traceback (most recent call last):
  File "/home/cvml/data/nwj/miniCLIP/Google-AI-Captston/wj/src/main.py", line 239, in run
    metrics = run_category(cfg, category=category, output_root=experiment_dir, logger=logger)
  File "/home/cvml/data/nwj/miniCLIP/Google-AI-Captston/wj/src/main.py", line 110, in run_category
    model = build_method(model_cfg, device=cfg["model"].get("device"))
  File "/home/cvml/data/nwj/miniCLIP/Google-AI-Captston/wj/src/methods/base.py", line 73, in build_method
    model.setup()
  File "/home/cvml/data/nwj/miniCLIP/Google-AI-Captston/wj/src/methods/afclip.py", line 131, in setup
    self._load_pretrained_weights(clip_model)
  File "/home/cvml/data/nwj/miniCLIP/Google-AI-Captston/wj/src/methods/afclip.py", line 176, in _load_pretrained_weights
    model.adaptor.load_state_dict(adaptor_state)
  File "/home/cvml/anaconda3/envs/miniclip/lib/python3.10/site-packages/torch/nn/modules/module.py", line 2525, in load_state_dict
    raise TypeError(
TypeError: Expected state_dict to be dict-like, got <class 'clip.adaptor.Adaptor'>.
2025-11-11 10:54:12,750 | INFO | winclip | === Category: metal_nut ===
2025-11-11 10:54:15,864 | ERROR | winclip | Category metal_nut 실행 중 오류: Expected state_dict to be dict-like, got <class 'clip.adaptor.Adaptor'>.
Traceback (most recent call last):
  File "/home/cvml/data/nwj/miniCLIP/Google-AI-Captston/wj/src/main.py", line 239, in run
    metrics = run_category(cfg, category=category, output_root=experiment_dir, logger=logger)
  File "/home/cvml/data/nwj/miniCLIP/Google-AI-Captston/wj/src/main.py", line 110, in run_category
    model = build_method(model_cfg, device=cfg["model"].get("device"))
  File "/home/cvml/data/nwj/miniCLIP/Google-AI-Captston/wj/src/methods/base.py", line 73, in build_method
    model.setup()
  File "/home/cvml/data/nwj/miniCLIP/Google-AI-Captston/wj/src/methods/afclip.py", line 131, in setup
    self._load_pretrained_weights(clip_model)
  File "/home/cvml/data/nwj/miniCLIP/Google-AI-Captston/wj/src/methods/afclip.py", line 176, in _load_pretrained_weights
    model.adaptor.load_state_dict(adaptor_state)
  File "/home/cvml/anaconda3/envs/miniclip/lib/python3.10/site-packages/torch/nn/modules/module.py", line 2525, in load_state_dict
    raise TypeError(
TypeError: Expected state_dict to be dict-like, got <class 'clip.adaptor.Adaptor'>.
2025-11-11 10:54:15,886 | INFO | winclip | === Category: pill ===
2025-11-11 10:54:19,007 | ERROR | winclip | Category pill 실행 중 오류: Expected state_dict to be dict-like, got <class 'clip.adaptor.Adaptor'>.
Traceback (most recent call last):
  File "/home/cvml/data/nwj/miniCLIP/Google-AI-Captston/wj/src/main.py", line 239, in run
    metrics = run_category(cfg, category=category, output_root=experiment_dir, logger=logger)
  File "/home/cvml/data/nwj/miniCLIP/Google-AI-Captston/wj/src/main.py", line 110, in run_category
    model = build_method(model_cfg, device=cfg["model"].get("device"))
  File "/home/cvml/data/nwj/miniCLIP/Google-AI-Captston/wj/src/methods/base.py", line 73, in build_method
    model.setup()
  File "/home/cvml/data/nwj/miniCLIP/Google-AI-Captston/wj/src/methods/afclip.py", line 131, in setup
    self._load_pretrained_weights(clip_model)
  File "/home/cvml/data/nwj/miniCLIP/Google-AI-Captston/wj/src/methods/afclip.py", line 176, in _load_pretrained_weights
    model.adaptor.load_state_dict(adaptor_state)
  File "/home/cvml/anaconda3/envs/miniclip/lib/python3.10/site-packages/torch/nn/modules/module.py", line 2525, in load_state_dict
    raise TypeError(
TypeError: Expected state_dict to be dict-like, got <class 'clip.adaptor.Adaptor'>.
2025-11-11 10:54:19,029 | INFO | winclip | === Category: screw ===
2025-11-11 10:54:22,145 | ERROR | winclip | Category screw 실행 중 오류: Expected state_dict to be dict-like, got <class 'clip.adaptor.Adaptor'>.
Traceback (most recent call last):
  File "/home/cvml/data/nwj/miniCLIP/Google-AI-Captston/wj/src/main.py", line 239, in run
    metrics = run_category(cfg, category=category, output_root=experiment_dir, logger=logger)
  File "/home/cvml/data/nwj/miniCLIP/Google-AI-Captston/wj/src/main.py", line 110, in run_category
    model = build_method(model_cfg, device=cfg["model"].get("device"))
  File "/home/cvml/data/nwj/miniCLIP/Google-AI-Captston/wj/src/methods/base.py", line 73, in build_method
    model.setup()
  File "/home/cvml/data/nwj/miniCLIP/Google-AI-Captston/wj/src/methods/afclip.py", line 131, in setup
    self._load_pretrained_weights(clip_model)
  File "/home/cvml/data/nwj/miniCLIP/Google-AI-Captston/wj/src/methods/afclip.py", line 176, in _load_pretrained_weights
    model.adaptor.load_state_dict(adaptor_state)
  File "/home/cvml/anaconda3/envs/miniclip/lib/python3.10/site-packages/torch/nn/modules/module.py", line 2525, in load_state_dict
    raise TypeError(
TypeError: Expected state_dict to be dict-like, got <class 'clip.adaptor.Adaptor'>.
2025-11-11 10:54:22,167 | INFO | winclip | === Category: tile ===
2025-11-11 10:54:25,304 | ERROR | winclip | Category tile 실행 중 오류: Expected state_dict to be dict-like, got <class 'clip.adaptor.Adaptor'>.
Traceback (most recent call last):
  File "/home/cvml/data/nwj/miniCLIP/Google-AI-Captston/wj/src/main.py", line 239, in run
    metrics = run_category(cfg, category=category, output_root=experiment_dir, logger=logger)
  File "/home/cvml/data/nwj/miniCLIP/Google-AI-Captston/wj/src/main.py", line 110, in run_category
    model = build_method(model_cfg, device=cfg["model"].get("device"))
  File "/home/cvml/data/nwj/miniCLIP/Google-AI-Captston/wj/src/methods/base.py", line 73, in build_method
    model.setup()
  File "/home/cvml/data/nwj/miniCLIP/Google-AI-Captston/wj/src/methods/afclip.py", line 131, in setup
    self._load_pretrained_weights(clip_model)
  File "/home/cvml/data/nwj/miniCLIP/Google-AI-Captston/wj/src/methods/afclip.py", line 176, in _load_pretrained_weights
    prompt_state = prompt_loaded
  File "/home/cvml/anaconda3/envs/miniclip/lib/python3.10/site-packages/torch/nn/modules/module.py", line 2525, in load_state_dict
    raise TypeError(
TypeError: Expected state_dict to be dict-like, got <class 'clip.adaptor.Adaptor'>.
2025-11-11 10:54:25,325 | INFO | winclip | === Category: toothbrush ===
2025-11-11 10:54:28,455 | ERROR | winclip | Category toothbrush 실행 중 오류: Expected state_dict to be dict-like, got <class 'clip.adaptor.Adaptor'>.
Traceback (most recent call last):
  File "/home/cvml/data/nwj/miniCLIP/Google-AI-Captston/wj/src/main.py", line 239, in run
    metrics = run_category(cfg, category=category, output_root=experiment_dir, logger=logger)
  File "/home/cvml/data/nwj/miniCLIP/Google-AI-Captston/wj/src/main.py", line 110, in run_category
    model = build_method(model_cfg, device=cfg["model"].get("device"))
  File "/home/cvml/data/nwj/miniCLIP/Google-AI-Captston/wj/src/methods/base.py", line 73, in build_method
    model.setup()
  File "/home/cvml/data/nwj/miniCLIP/Google-AI-Captston/wj/src/methods/afclip.py", line 131, in setup
    self._load_pretrained_weights(clip_model)
  File "/home/cvml/data/nwj/miniCLIP/Google-AI-Captston/wj/src/methods/afclip.py", line 176, in _load_pretrained_weights
    prompt_state = prompt_loaded
  File "/home/cvml/anaconda3/envs/miniclip/lib/python3.10/site-packages/torch/nn/modules/module.py", line 2525, in load_state_dict
    raise TypeError(
TypeError: Expected state_dict to be dict-like, got <class 'clip.adaptor.Adaptor'>.
2025-11-11 10:54:28,477 | INFO | winclip | === Category: transistor ===
2025-11-11 10:54:31,602 | ERROR | winclip | Category transistor 실행 중 오류: Expected state_dict to be dict-like, got <class 'clip.adaptor.Adaptor'>.
Traceback (most recent call last):
  File "/home/cvml/data/nwj/miniCLIP/Google-AI-Captston/wj/src/main.py", line 239, in run
    metrics = run_category(cfg, category=category, output_root=experiment_dir, logger=logger)
  File "/home/cvml/data/nwj/miniCLIP/Google-AI-Captston/wj/src/main.py", line 110, in run_category
    model = build_method(model_cfg, device=cfg["model"].get("device"))
  File "/home/cvml/data/nwj/miniCLIP/Google-AI-Captston/wj/src/methods/base.py", line 73, in build_method
    model.setup()
  File "/home/cvml/data/nwj/miniCLIP/Google-AI-Captston/wj/src/methods/afclip.py", line 131, in setup
    self._load_pretrained_weights(clip_model)
  File "/home/cvml/data/nwj/miniCLIP/Google-AI-Captston/wj/src/methods/afclip.py", line 176, in _load_pretrained_weights
    prompt_state = prompt_loaded
  File "/home/cvml/anaconda3/envs/miniclip/lib/python3.10/site-packages/torch/nn/modules/module.py", line 2525, in load_state_dict
    raise TypeError(
TypeError: Expected state_dict to be dict-like, got <class 'clip.adaptor.Adaptor'>.
2025-11-11 10:54:31,624 | INFO | winclip | === Category: wood ===
2025-11-11 10:54:34,772 | ERROR | winclip | Category wood 실행 중 오류: Expected state_dict to be dict-like, got <class 'clip.adaptor.Adaptor'>.
Traceback (most recent call last):
  File "/home/cvml/data/nwj/miniCLIP/Google-AI-Captston/wj/src/main.py", line 239, in run
    metrics = run_category(cfg, category=category, output_root=experiment_dir, logger=logger)
  File "/home/cvml/data/nwj/miniCLIP/Google-AI-Captston/wj/src/main.py", line 110, in run_category
    model = build_method(model_cfg, device=cfg["model"].get("device"))
  File "/home/cvml/data/nwj/miniCLIP/Google-AI-Captston/wj/src/methods/base.py", line 73, in build_method
    model.setup()
  File "/home/cvml/data/nwj/miniCLIP/Google-AI-Captston/wj/src/methods/afclip.py", line 131, in setup
    self._load_pretrained_weights(clip_model)
  File "/home/cvml/data/nwj/miniCLIP/Google-AI-Captston/wj/src/methods/afclip.py", line 176, in _load_pretrained_weights
    prompt_state = prompt_loaded
  File "/home/cvml/anaconda3/envs/miniclip/lib/python3.10/site-packages/torch/nn/modules/module.py", line 2525, in load_state_dict
    raise TypeError(
TypeError: Expected state_dict to be dict-like, got <class 'clip.adaptor.Adaptor'>.
2025-11-11 10:54:34,795 | INFO | winclip | === Category: zipper ===
2025-11-11 10:54:37,919 | ERROR | winclip | Category zipper 실행 중 오류: Expected state_dict to be dict-like, got <class 'clip.adaptor.Adaptor'>.
Traceback (most recent call last):
  File "/home/cvml/data/nwj/miniCLIP/Google-AI-Captston/wj/src/main.py", line 239, in run
    metrics = run_category(cfg, category=category, output_root=experiment_dir, logger=logger)
  File "/home/cvml/data/nwj/miniCLIP/Google-AI-Captston/wj/src/main.py", line 110, in run_category
    model = build_method(model_cfg, device=cfg["model"].get("device"))
  File "/home/cvml/data/nwj/miniCLIP/Google-AI-Captston/wj/src/methods/base.py", line 73, in build_method
    model.setup()
  File "/home/cvml/data/nwj/miniCLIP/Google-AI-Captston/wj/src/methods/afclip.py", line 131, in setup
    self._load_pretrained_weights(clip_model)
  File "/home/cvml/data/nwj/miniCLIP/Google-AI-Captston/wj/src/methods/afclip.py", line 176, in _load_pretrained_weights
    prompt_state = prompt_loaded
  File "/home/cvml/anaconda3/envs/miniclip/lib/python3.10/site-packages/torch/nn/modules/module.py", line 2525, in load_state_dict
    raise TypeError(
TypeError: Expected state_dict to be dict-like, got <class 'clip.adaptor.Adaptor'>.
2025-11-11 10:54:37,942 | INFO | winclip | 완료. 결과는 /home/cvml/data/nwj/miniCLIP/Google-AI-Captston/wj/results/mvtec/afclip/mvtec_afclip/20251111-105350 에 저장되었습니다.
