2025-11-11 10:55:42,110 | INFO | winclip | Experiment dir: /home/cvml/data/nwj/miniCLIP/Google-AI-Captston/wj/results/mvtec/afclip/mvtec_afclip/20251111-105542
2025-11-11 10:55:42,110 | INFO | winclip | === Category: bottle ===
2025-11-11 10:55:45,566 | ERROR | winclip | Category bottle 실행 중 오류: cannot assign 'torch.cuda.FloatTensor' as parameter 'state_prompt_embedding' (torch.nn.Parameter or None expected)
Traceback (most recent call last):
  File "/home/cvml/data/nwj/miniCLIP/Google-AI-Captston/wj/src/main.py", line 239, in run
    metrics = run_category(cfg, category=category, output_root=experiment_dir, logger=logger)
  File "/home/cvml/data/nwj/miniCLIP/Google-AI-Captston/wj/src/main.py", line 110, in run_category
    model = build_method(model_cfg, device=cfg["model"].get("device"))
  File "/home/cvml/data/nwj/miniCLIP/Google-AI-Captston/wj/src/methods/base.py", line 73, in build_method
    model.setup()
  File "/home/cvml/data/nwj/miniCLIP/Google-AI-Captston/wj/src/methods/afclip.py", line 131, in setup
    self._load_pretrained_weights(clip_model)
  File "/home/cvml/data/nwj/miniCLIP/Google-AI-Captston/wj/src/methods/afclip.py", line 199, in _load_pretrained_weights
    model.state_prompt_embedding = prompt_tensor.to(self.device)
  File "/home/cvml/anaconda3/envs/miniclip/lib/python3.10/site-packages/torch/nn/modules/module.py", line 1968, in __setattr__
    raise TypeError(
TypeError: cannot assign 'torch.cuda.FloatTensor' as parameter 'state_prompt_embedding' (torch.nn.Parameter or None expected)
2025-11-11 10:55:45,567 | INFO | winclip | === Category: cable ===
2025-11-11 10:55:48,797 | ERROR | winclip | Category cable 실행 중 오류: cannot assign 'torch.cuda.FloatTensor' as parameter 'state_prompt_embedding' (torch.nn.Parameter or None expected)
Traceback (most recent call last):
  File "/home/cvml/data/nwj/miniCLIP/Google-AI-Captston/wj/src/main.py", line 239, in run
    metrics = run_category(cfg, category=category, output_root=experiment_dir, logger=logger)
  File "/home/cvml/data/nwj/miniCLIP/Google-AI-Captston/wj/src/main.py", line 110, in run_category
    model = build_method(model_cfg, device=cfg["model"].get("device"))
  File "/home/cvml/data/nwj/miniCLIP/Google-AI-Captston/wj/src/methods/base.py", line 73, in build_method
    model.setup()
  File "/home/cvml/data/nwj/miniCLIP/Google-AI-Captston/wj/src/methods/afclip.py", line 131, in setup
    self._load_pretrained_weights(clip_model)
  File "/home/cvml/data/nwj/miniCLIP/Google-AI-Captston/wj/src/methods/afclip.py", line 199, in _load_pretrained_weights
    model.state_prompt_embedding = prompt_tensor.to(self.device)
  File "/home/cvml/anaconda3/envs/miniclip/lib/python3.10/site-packages/torch/nn/modules/module.py", line 1968, in __setattr__
    raise TypeError(
TypeError: cannot assign 'torch.cuda.FloatTensor' as parameter 'state_prompt_embedding' (torch.nn.Parameter or None expected)
2025-11-11 10:55:48,797 | INFO | winclip | === Category: capsule ===
2025-11-11 10:55:51,932 | ERROR | winclip | Category capsule 실행 중 오류: cannot assign 'torch.cuda.FloatTensor' as parameter 'state_prompt_embedding' (torch.nn.Parameter or None expected)
Traceback (most recent call last):
  File "/home/cvml/data/nwj/miniCLIP/Google-AI-Captston/wj/src/main.py", line 239, in run
    metrics = run_category(cfg, category=category, output_root=experiment_dir, logger=logger)
  File "/home/cvml/data/nwj/miniCLIP/Google-AI-Captston/wj/src/main.py", line 110, in run_category
    model = build_method(model_cfg, device=cfg["model"].get("device"))
  File "/home/cvml/data/nwj/miniCLIP/Google-AI-Captston/wj/src/methods/base.py", line 73, in build_method
    model.setup()
  File "/home/cvml/data/nwj/miniCLIP/Google-AI-Captston/wj/src/methods/afclip.py", line 131, in setup
    self._load_pretrained_weights(clip_model)
  File "/home/cvml/data/nwj/miniCLIP/Google-AI-Captston/wj/src/methods/afclip.py", line 199, in _load_pretrained_weights
    model.state_prompt_embedding = prompt_tensor.to(self.device)
  File "/home/cvml/anaconda3/envs/miniclip/lib/python3.10/site-packages/torch/nn/modules/module.py", line 1968, in __setattr__
    raise TypeError(
TypeError: cannot assign 'torch.cuda.FloatTensor' as parameter 'state_prompt_embedding' (torch.nn.Parameter or None expected)
2025-11-11 10:55:51,959 | INFO | winclip | === Category: carpet ===
